[debug] [2024-03-05T09:04:10.490Z] ----------------------------------------------------------------------
[debug] [2024-03-05T09:04:10.492Z] Command:       /opt/homebrew/Cellar/node/21.6.1/bin/node /opt/homebrew/bin/firebase deploy
[debug] [2024-03-05T09:04:10.493Z] CLI Version:   13.4.0
[debug] [2024-03-05T09:04:10.493Z] Platform:      darwin
[debug] [2024-03-05T09:04:10.493Z] Node Version:  v21.6.1
[debug] [2024-03-05T09:04:10.493Z] Time:          Tue Mar 05 2024 10:04:10 GMT+0100 (Mitteleuropäische Normalzeit)
[debug] [2024-03-05T09:04:10.493Z] ----------------------------------------------------------------------
[debug] 
[debug] [2024-03-05T09:04:10.551Z] > command requires scopes: ["email","openid","https://www.googleapis.com/auth/cloudplatformprojects.readonly","https://www.googleapis.com/auth/firebase","https://www.googleapis.com/auth/cloud-platform"]
[debug] [2024-03-05T09:04:10.551Z] > authorizing via signed-in user (nikos.mpakaris@googlemail.com)
[debug] [2024-03-05T09:04:10.551Z] [iam] checking project getstuffdone-80541 for permissions ["firebase.projects.get","firebasehosting.sites.update"]
[debug] [2024-03-05T09:04:10.553Z] >>> [apiv2][query] POST https://cloudresourcemanager.googleapis.com/v1/projects/getstuffdone-80541:testIamPermissions [none]
[debug] [2024-03-05T09:04:10.553Z] >>> [apiv2][(partial)header] POST https://cloudresourcemanager.googleapis.com/v1/projects/getstuffdone-80541:testIamPermissions x-goog-quota-user=projects/getstuffdone-80541
[debug] [2024-03-05T09:04:10.553Z] >>> [apiv2][body] POST https://cloudresourcemanager.googleapis.com/v1/projects/getstuffdone-80541:testIamPermissions {"permissions":["firebase.projects.get","firebasehosting.sites.update"]}
[debug] [2024-03-05T09:04:11.364Z] <<< [apiv2][status] POST https://cloudresourcemanager.googleapis.com/v1/projects/getstuffdone-80541:testIamPermissions 200
[debug] [2024-03-05T09:04:11.365Z] <<< [apiv2][body] POST https://cloudresourcemanager.googleapis.com/v1/projects/getstuffdone-80541:testIamPermissions {"permissions":["firebase.projects.get","firebasehosting.sites.update"]}
[debug] [2024-03-05T09:04:11.365Z] >>> [apiv2][query] GET https://firebase.googleapis.com/v1beta1/projects/getstuffdone-80541 [none]
[debug] [2024-03-05T09:04:11.626Z] <<< [apiv2][status] GET https://firebase.googleapis.com/v1beta1/projects/getstuffdone-80541 200
[debug] [2024-03-05T09:04:11.626Z] <<< [apiv2][body] GET https://firebase.googleapis.com/v1beta1/projects/getstuffdone-80541 {"projectId":"getstuffdone-80541","projectNumber":"57215308646","displayName":"getStuffDone","name":"projects/getstuffdone-80541","resources":{"hostingSite":"getstuffdone-80541"},"state":"ACTIVE","etag":"1_0a5e2187-5d44-402e-8ea6-666984d87087"}
[debug] [2024-03-05T09:04:13.916Z] >>> [apiv2][query] GET https://firebasehosting.googleapis.com/v1beta1/projects/getstuffdone-80541/sites pageToken=&pageSize=10
[debug] [2024-03-05T09:04:15.047Z] <<< [apiv2][status] GET https://firebasehosting.googleapis.com/v1beta1/projects/getstuffdone-80541/sites 200
[debug] [2024-03-05T09:04:15.047Z] <<< [apiv2][body] GET https://firebasehosting.googleapis.com/v1beta1/projects/getstuffdone-80541/sites {"sites":[{"name":"projects/getstuffdone-80541/sites/getstuffdone-80541","defaultUrl":"https://getstuffdone-80541.web.app","type":"DEFAULT_SITE"}]}
[debug] [2024-03-05T09:04:15.048Z] >>> [apiv2][query] GET https://firebasehosting.googleapis.com/v1beta1/projects/getstuffdone-80541/sites 
[debug] [2024-03-05T09:04:15.341Z] <<< [apiv2][status] GET https://firebasehosting.googleapis.com/v1beta1/projects/getstuffdone-80541/sites 200
[debug] [2024-03-05T09:04:15.341Z] <<< [apiv2][body] GET https://firebasehosting.googleapis.com/v1beta1/projects/getstuffdone-80541/sites {"sites":[{"name":"projects/getstuffdone-80541/sites/getstuffdone-80541","defaultUrl":"https://getstuffdone-80541.web.app","type":"DEFAULT_SITE"}]}
[debug] [2024-03-05T09:04:15.341Z] >>> [apiv2][query] GET https://firebase.googleapis.com/v1beta1/projects/getstuffdone-80541/webApps/-/config [none]
[debug] [2024-03-05T09:04:16.120Z] <<< [apiv2][status] GET https://firebase.googleapis.com/v1beta1/projects/getstuffdone-80541/webApps/-/config 200
[debug] [2024-03-05T09:04:16.121Z] <<< [apiv2][body] GET https://firebase.googleapis.com/v1beta1/projects/getstuffdone-80541/webApps/-/config {"projectId":"getstuffdone-80541","appId":"1:57215308646:web:7e08323ff6ad76ecbfaea7","storageBucket":"getstuffdone-80541.appspot.com","apiKey":"AIzaSyBR2xscJj8P0_PQ01btpjf6FZ-JrJPfghU","authDomain":"getstuffdone-80541.firebaseapp.com","messagingSenderId":"57215308646","measurementId":"G-97G1DC6QKL"}
[info] 
   Thank you for trying our early preview of Next.js support on Firebase Hosting.
   During the preview, support is best-effort and breaking changes can be expected. Proceed with caution.

   Documentation: https://firebase.google.com/docs/hosting/frameworks/nextjs
   File a bug: https://github.com/firebase/firebase-tools/issues/new?template=bug_report.md
   Submit a feature request: https://github.com/firebase/firebase-tools/issues/new?template=feature_request.md

   We'd love to learn from you. Express your interest in helping us shape the future of Firebase Hosting: https://goo.gle/41enW5X

[debug] [2024-03-05T09:04:20.991Z] >>> [apiv2][query] GET https://firebasehosting.googleapis.com/v1beta1/projects/getstuffdone-80541/sites/getstuffdone-80541 [none]
[debug] [2024-03-05T09:04:21.202Z] <<< [apiv2][status] GET https://firebasehosting.googleapis.com/v1beta1/projects/getstuffdone-80541/sites/getstuffdone-80541 200
[debug] [2024-03-05T09:04:21.202Z] <<< [apiv2][body] GET https://firebasehosting.googleapis.com/v1beta1/projects/getstuffdone-80541/sites/getstuffdone-80541 {"name":"projects/getstuffdone-80541/sites/getstuffdone-80541","defaultUrl":"https://getstuffdone-80541.web.app","type":"DEFAULT_SITE"}
[info]    Creating an optimized production build...

[info] > [PWA] Compile client (static)

[info] > [PWA] Auto register service worker with: /Users/niko/Desktop/CODING/GetStuffDone/node_modules/next-pwa/register.js
> [PWA] Service worker: /Users/niko/Desktop/CODING/GetStuffDone/public/sw.js
> [PWA]   url: /sw.js
> [PWA]   scope: /

[info] > [PWA] Compile server

[info] > [PWA] Compile server

[info] (node:94307) [DEP0040] DeprecationWarning: The `punycode` module is deprecated. Please use a userland alternative instead.
(Use `node --trace-deprecation ...` to show where the warning was created)

[info]  ✓ Compiled successfully

[info]    Linting and checking validity of types...

[info]    Collecting page data...

[info]    Generating static pages (0/4)...

[info]    Generating static pages (1/4)


[info]    Generating static pages (2/4)


[info]    Generating static pages (3/4)


[info] ReferenceError: window is not defined
    at 5644 (/Users/niko/Desktop/CODING/GetStuffDone/.next/server/chunks/987.js:45:142462)
    at t (/Users/niko/Desktop/CODING/GetStuffDone/.next/server/webpack-runtime.js:1:128)
    at 1910 (/Users/niko/Desktop/CODING/GetStuffDone/.next/server/app/page.js:1:3443)
    at t (/Users/niko/Desktop/CODING/GetStuffDone/.next/server/webpack-runtime.js:1:128)
    at O (/Users/niko/Desktop/CODING/GetStuffDone/node_modules/next/dist/compiled/next-server/app-page.runtime.prod.js:1:185865)
    at /Users/niko/Desktop/CODING/GetStuffDone/node_modules/next/dist/compiled/next-server/app-page.runtime.prod.js:1:187849
    at Object.<anonymous> (/Users/niko/Desktop/CODING/GetStuffDone/node_modules/next/dist/compiled/next-server/app-page.runtime.prod.js:1:188256)
    at JSON.parse (<anonymous>)
    at I (/Users/niko/Desktop/CODING/GetStuffDone/node_modules/next/dist/compiled/next-server/app-page.runtime.prod.js:1:185616)
    at t (/Users/niko/Desktop/CODING/GetStuffDone/node_modules/next/dist/compiled/next-server/app-page.runtime.prod.js:1:191518)

[info] 
Error occurred prerendering page "/". Read more: https://nextjs.org/docs/messages/prerender-error
ReferenceError: window is not defined
    at 5644 (/Users/niko/Desktop/CODING/GetStuffDone/.next/server/chunks/987.js:45:142462)
    at t (/Users/niko/Desktop/CODING/GetStuffDone/.next/server/webpack-runtime.js:1:128)
    at 1910 (/Users/niko/Desktop/CODING/GetStuffDone/.next/server/app/page.js:1:3443)
    at t (/Users/niko/Desktop/CODING/GetStuffDone/.next/server/webpack-runtime.js:1:128)
    at O (/Users/niko/Desktop/CODING/GetStuffDone/node_modules/next/dist/compiled/next-server/app-page.runtime.prod.js:1:185865)
    at /Users/niko/Desktop/CODING/GetStuffDone/node_modules/next/dist/compiled/next-server/app-page.runtime.prod.js:1:187849
    at Object.<anonymous> (/Users/niko/Desktop/CODING/GetStuffDone/node_modules/next/dist/compiled/next-server/app-page.runtime.prod.js:1:188256)
    at JSON.parse (<anonymous>)
    at I (/Users/niko/Desktop/CODING/GetStuffDone/node_modules/next/dist/compiled/next-server/app-page.runtime.prod.js:1:185616)
    at t (/Users/niko/Desktop/CODING/GetStuffDone/node_modules/next/dist/compiled/next-server/app-page.runtime.prod.js:1:191518)

[info]  ✓ Generating static pages (4/4)

[info] 
> Export encountered errors on following paths:
	/page: /

[debug] [2024-03-05T09:05:00.908Z] Error: ENOENT: no such file or directory, open '/Users/niko/Desktop/CODING/GetStuffDone/.next/export-marker.json'
[error] 
[error] Error: An unexpected error has occurred.
